# JRE version: Java(TM) SE Runtime Environment 18.9 (11.0.15+8) (build 11.0.15+8-LTS-149)
# Java VM: Java HotSpot(TM) 64-Bit Server VM 18.9 (11.0.15+8-LTS-149, mixed mode, tiered, compressed oops, g1 gc, windows-amd64)
Heap:
 garbage-first heap   total 131072K, used 85400K [0x0000000081c00000, 0x0000000100000000)
  region size 1024K, 63 young (64512K), 5 survivors (5120K)
 Metaspace       used 31784K, capacity 32635K, committed 32768K, reserved 1077248K
  class space    used 3648K, capacity 4021K, committed 4096K, reserved 1048576K
GC Heap History (8 events):
Event: 1.284 GC heap before
{Heap before GC invocations=0 (full 0):
 garbage-first heap   total 131072K, used 14336K [0x0000000081c00000, 0x0000000100000000)
  region size 1024K, 14 young (14336K), 0 survivors (0K)
 Metaspace       used 9803K, capacity 10003K, committed 10240K, reserved 1058816K
  class space    used 923K, capacity 1022K, committed 1024K, reserved 1048576K
}
Event: 1.292 GC heap after
{Heap after GC invocations=1 (full 0):
 garbage-first heap   total 131072K, used 5209K [0x0000000081c00000, 0x0000000100000000)
  region size 1024K, 2 young (2048K), 2 survivors (2048K)
 Metaspace       used 9803K, capacity 10003K, committed 10240K, reserved 1058816K
  class space    used 923K, capacity 1022K, committed 1024K, reserved 1048576K
}
Event: 1.466 GC heap before
{Heap before GC invocations=1 (full 0):
 garbage-first heap   total 131072K, used 13401K [0x0000000081c00000, 0x0000000100000000)
  region size 1024K, 10 young (10240K), 2 survivors (2048K)
 Metaspace       used 10978K, capacity 11174K, committed 11392K, reserved 1058816K
  class space    used 1045K, capacity 1116K, committed 1152K, reserved 1048576K
}
Event: 1.469 GC heap after
{Heap after GC invocations=2 (full 0):
 garbage-first heap   total 131072K, used 5148K [0x0000000081c00000, 0x0000000100000000)
  region size 1024K, 1 young (1024K), 1 survivors (1024K)
 Metaspace       used 10978K, capacity 11174K, committed 11392K, reserved 1058816K
  class space    used 1045K, capacity 1116K, committed 1152K, reserved 1048576K
}
Event: 2.517 GC heap before
{Heap before GC invocations=2 (full 0):
 garbage-first heap   total 131072K, used 32796K [0x0000000081c00000, 0x0000000100000000)
  region size 1024K, 28 young (28672K), 1 survivors (1024K)
 Metaspace       used 16044K, capacity 16480K, committed 16640K, reserved 1064960K
  class space    used 1599K, capacity 1763K, committed 1792K, reserved 1048576K
}
Event: 2.521 GC heap after
{Heap after GC invocations=3 (full 0):
 garbage-first heap   total 131072K, used 6105K [0x0000000081c00000, 0x0000000100000000)
  region size 1024K, 2 young (2048K), 2 survivors (2048K)
 Metaspace       used 16044K, capacity 16480K, committed 16640K, reserved 1064960K
  class space    used 1599K, capacity 1763K, committed 1792K, reserved 1048576K
}
Event: 3.445 GC heap before
{Heap before GC invocations=3 (full 0):
 garbage-first heap   total 131072K, used 37849K [0x0000000081c00000, 0x0000000100000000)
  region size 1024K, 34 young (34816K), 2 survivors (2048K)
 Metaspace       used 20615K, capacity 21051K, committed 21248K, reserved 1069056K
  class space    used 2097K, capacity 2286K, committed 2304K, reserved 1048576K
}
Event: 3.457 GC heap after
{Heap after GC invocations=4 (full 0):
 garbage-first heap   total 131072K, used 9624K [0x0000000081c00000, 0x0000000100000000)
  region size 1024K, 5 young (5120K), 5 survivors (5120K)
 Metaspace       used 20615K, capacity 21051K, committed 21248K, reserved 1069056K
  class space    used 2097K, capacity 2286K, committed 2304K, reserved 1048576K
}

